Release 14.7 - xst P.20131013 (nt64)
Copyright (c) 1995-2013 Xilinx, Inc.  All rights reserved.
--> Parameter TMPDIR set to xst/projnav.tmp


Total REAL time to Xst completion: 0.00 secs
Total CPU time to Xst completion: 0.60 secs
 
--> Parameter xsthdpdir set to xst


Total REAL time to Xst completion: 0.00 secs
Total CPU time to Xst completion: 0.60 secs
 
--> Reading design: CPU.prj

TABLE OF CONTENTS
  1) Synthesis Options Summary
  2) HDL Parsing
  3) HDL Elaboration
  4) HDL Synthesis
       4.1) HDL Synthesis Report
  5) Advanced HDL Synthesis
       5.1) Advanced HDL Synthesis Report
  6) Low Level Synthesis
  7) Partition Report
  8) Design Summary
       8.1) Primitive and Black Box Usage
       8.2) Device utilization summary
       8.3) Partition Resource Summary
       8.4) Timing Report
            8.4.1) Clock Information
            8.4.2) Asynchronous Control Signals Information
            8.4.3) Timing Summary
            8.4.4) Timing Details
            8.4.5) Cross Clock Domains Report


=========================================================================
*                      Synthesis Options Summary                        *
=========================================================================
---- Source Parameters
Input File Name                    : "CPU.prj"
Ignore Synthesis Constraint File   : NO

---- Target Parameters
Output File Name                   : "CPU"
Output Format                      : NGC
Target Device                      : xc7a100t-3-csg324

---- Source Options
Top Module Name                    : CPU
Automatic FSM Extraction           : YES
FSM Encoding Algorithm             : Auto
Safe Implementation                : No
FSM Style                          : LUT
RAM Extraction                     : Yes
RAM Style                          : Auto
ROM Extraction                     : Yes
Shift Register Extraction          : YES
ROM Style                          : Auto
Resource Sharing                   : YES
Asynchronous To Synchronous        : NO
Shift Register Minimum Size        : 2
Use DSP Block                      : Auto
Automatic Register Balancing       : No

---- Target Options
LUT Combining                      : Auto
Reduce Control Sets                : Auto
Add IO Buffers                     : YES
Global Maximum Fanout              : 100000
Add Generic Clock Buffer(BUFG)     : 32
Register Duplication               : YES
Optimize Instantiated Primitives   : NO
Use Clock Enable                   : Auto
Use Synchronous Set                : Auto
Use Synchronous Reset              : Auto
Pack IO Registers into IOBs        : Auto
Equivalent register Removal        : YES

---- General Options
Optimization Goal                  : Speed
Optimization Effort                : 1
Power Reduction                    : NO
Keep Hierarchy                     : No
Netlist Hierarchy                  : As_Optimized
RTL Output                         : Yes
Global Optimization                : AllClockNets
Read Cores                         : YES
Write Timing Constraints           : NO
Cross Clock Analysis               : NO
Hierarchy Separator                : /
Bus Delimiter                      : <>
Case Specifier                     : Maintain
Slice Utilization Ratio            : 100
BRAM Utilization Ratio             : 100
DSP48 Utilization Ratio            : 100
Auto BRAM Packing                  : NO
Slice Utilization Ratio Delta      : 5

=========================================================================


=========================================================================
*                          HDL Parsing                                  *
=========================================================================
Analyzing Verilog file "D:\University\Semester 7\Digital System Design\Lab\DSD Project\Processer\ProgramCounter.v" into library work
Parsing module <ProgramCounter>.
Analyzing Verilog file "D:\University\Semester 7\Digital System Design\Lab\DSD Project\Processer\Mux2to1_8Bit.v" into library work
Parsing module <Mux2to1_8Bit>.
Analyzing Verilog file "D:\University\Semester 7\Digital System Design\Lab\DSD Project\Processer\Mux2to1_6Bit.v" into library work
Parsing module <Mux2to1_6Bit>.
Analyzing Verilog file "D:\University\Semester 7\Digital System Design\Lab\DSD Project\Processer\CounterIncrement.v" into library work
Parsing module <CounterIncrement>.
Analyzing Verilog file "D:\University\Semester 7\Digital System Design\Lab\DSD Project\Processer\ALU.v" into library work
Parsing module <ALU>.
Analyzing Verilog file "D:\University\Semester 7\Digital System Design\Lab\DSD Project\Processer\Accumulator.v" into library work
Parsing module <Accumulator>.
Analyzing Verilog file "D:\University\Semester 7\Digital System Design\Lab\DSD Project\Processer\DataPath.v" into library work
Parsing module <DataPath>.
Analyzing Verilog file "D:\University\Semester 7\Digital System Design\Lab\DSD Project\Processer\Controller.v" into library work
Parsing module <Controller>.
Analyzing Verilog file "D:\University\Semester 7\Digital System Design\Lab\DSD Project\Processer\CPU.v" into library work
Parsing module <CPU>.

=========================================================================
*                            HDL Elaboration                            *
=========================================================================

Elaborating module <CPU>.

Elaborating module <DataPath>.

Elaborating module <ProgramCounter>.

Elaborating module <CounterIncrement>.

Elaborating module <Mux2to1_6Bit>.

Elaborating module <Accumulator>.

Elaborating module <ALU>.

Elaborating module <Mux2to1_8Bit>.

Elaborating module <Controller>.
WARNING:HDLCompiler:1127 - "D:\University\Semester 7\Digital System Design\Lab\DSD Project\Processer\CPU.v" Line 36: Assignment to jmp_uncond ignored, since the identifier is never used

=========================================================================
*                           HDL Synthesis                               *
=========================================================================

Synthesizing Unit <CPU>.
    Related source file is "D:\University\Semester 7\Digital System Design\Lab\DSD Project\Processer\CPU.v".
INFO:Xst:3210 - "D:\University\Semester 7\Digital System Design\Lab\DSD Project\Processer\CPU.v" line 34: Output port <jmp_uncond> of the instance <cu> is unconnected or connected to loadless signal.
    Summary:
	no macro.
Unit <CPU> synthesized.

Synthesizing Unit <DataPath>.
    Related source file is "D:\University\Semester 7\Digital System Design\Lab\DSD Project\Processer\DataPath.v".
    Summary:
	no macro.
Unit <DataPath> synthesized.

Synthesizing Unit <ProgramCounter>.
    Related source file is "D:\University\Semester 7\Digital System Design\Lab\DSD Project\Processer\ProgramCounter.v".
    Found 5-bit register for signal <d_out>.
    Summary:
	inferred   5 D-type flip-flop(s).
Unit <ProgramCounter> synthesized.

Synthesizing Unit <CounterIncrement>.
    Related source file is "D:\University\Semester 7\Digital System Design\Lab\DSD Project\Processer\CounterIncrement.v".
    Found 5-bit adder for signal <adder_out> created at line 26.
    Summary:
	inferred   1 Adder/Subtractor(s).
Unit <CounterIncrement> synthesized.

Synthesizing Unit <Mux2to1_6Bit>.
    Related source file is "D:\University\Semester 7\Digital System Design\Lab\DSD Project\Processer\Mux2to1_6Bit.v".
    Summary:
	inferred   1 Multiplexer(s).
Unit <Mux2to1_6Bit> synthesized.

Synthesizing Unit <Accumulator>.
    Related source file is "D:\University\Semester 7\Digital System Design\Lab\DSD Project\Processer\Accumulator.v".
    Found 8-bit register for signal <d_out>.
    Summary:
	inferred   8 D-type flip-flop(s).
Unit <Accumulator> synthesized.

Synthesizing Unit <ALU>.
    Related source file is "D:\University\Semester 7\Digital System Design\Lab\DSD Project\Processer\ALU.v".
    Found 8-bit subtractor for signal <a[7]_b[7]_sub_2_OUT> created at line 28.
    Found 8-bit adder for signal <a[7]_b[7]_add_0_OUT> created at line 27.
    Found 8-bit 8-to-1 multiplexer for signal <alu_out> created at line 26.
    Summary:
	inferred   1 Adder/Subtractor(s).
	inferred   6 Multiplexer(s).
Unit <ALU> synthesized.

Synthesizing Unit <Mux2to1_8Bit>.
    Related source file is "D:\University\Semester 7\Digital System Design\Lab\DSD Project\Processer\Mux2to1_8Bit.v".
    Summary:
	inferred   1 Multiplexer(s).
Unit <Mux2to1_8Bit> synthesized.

Synthesizing Unit <Controller>.
    Related source file is "D:\University\Semester 7\Digital System Design\Lab\DSD Project\Processer\Controller.v".
    Found 8x1-bit Read Only RAM for signal <rd_mem>
    Found 8x1-bit Read Only RAM for signal <pc_src>
    Summary:
	inferred   2 RAM(s).
Unit <Controller> synthesized.

=========================================================================
HDL Synthesis Report

Macro Statistics
# RAMs                                                 : 2
 8x1-bit single-port Read Only RAM                     : 2
# Adders/Subtractors                                   : 2
 5-bit adder                                           : 1
 8-bit addsub                                          : 1
# Registers                                            : 2
 5-bit register                                        : 1
 8-bit register                                        : 1
# Multiplexers                                         : 8
 5-bit 2-to-1 multiplexer                              : 1
 8-bit 2-to-1 multiplexer                              : 7
# Xors                                                 : 1
 8-bit xor2                                            : 1

=========================================================================
INFO:Xst:1767 - HDL ADVISOR - Resource sharing has identified that some arithmetic operations in this design can share the same physical resources for reduced device utilization. For improved clock frequency you may try to disable resource sharing.

=========================================================================
*                       Advanced HDL Synthesis                          *
=========================================================================


Synthesizing (advanced) Unit <Controller>.
INFO:Xst:3218 - HDL ADVISOR - The RAM <Mram_rd_mem> will be implemented on LUTs either because you have described an asynchronous read or because of currently unsupported block RAM features. If you have described an asynchronous read, making it synchronous would allow you to take advantage of available block RAM resources, for optimized device usage and improved timings. Please refer to your documentation for coding guidelines.
    -----------------------------------------------------------------------
    | ram_type           | Distributed                         |          |
    -----------------------------------------------------------------------
    | Port A                                                              |
    |     aspect ratio   | 8-word x 1-bit                      |          |
    |     weA            | connected to signal <GND>           | high     |
    |     addrA          | connected to signal <opcode>        |          |
    |     diA            | connected to signal <GND>           |          |
    |     doA            | connected to signal <rd_mem>        |          |
    -----------------------------------------------------------------------
INFO:Xst:3218 - HDL ADVISOR - The RAM <Mram_pc_src> will be implemented on LUTs either because you have described an asynchronous read or because of currently unsupported block RAM features. If you have described an asynchronous read, making it synchronous would allow you to take advantage of available block RAM resources, for optimized device usage and improved timings. Please refer to your documentation for coding guidelines.
    -----------------------------------------------------------------------
    | ram_type           | Distributed                         |          |
    -----------------------------------------------------------------------
    | Port A                                                              |
    |     aspect ratio   | 8-word x 1-bit                      |          |
    |     weA            | connected to signal <GND>           | high     |
    |     addrA          | connected to signal <opcode>        |          |
    |     diA            | connected to signal <GND>           |          |
    |     doA            | connected to signal <pc_src>        |          |
    -----------------------------------------------------------------------
Unit <Controller> synthesized (advanced).

Synthesizing (advanced) Unit <DataPath>.
The following registers are absorbed into counter <pc/d_out>: 1 register on signal <pc/d_out>.
Unit <DataPath> synthesized (advanced).

=========================================================================
Advanced HDL Synthesis Report

Macro Statistics
# RAMs                                                 : 2
 8x1-bit single-port distributed Read Only RAM         : 2
# Adders/Subtractors                                   : 1
 8-bit addsub                                          : 1
# Counters                                             : 1
 5-bit up counter                                      : 1
# Registers                                            : 8
 Flip-Flops                                            : 8
# Multiplexers                                         : 7
 8-bit 2-to-1 multiplexer                              : 7
# Xors                                                 : 1
 8-bit xor2                                            : 1

=========================================================================

=========================================================================
*                         Low Level Synthesis                           *
=========================================================================

Optimizing unit <Accumulator> ...

Optimizing unit <CPU> ...

Optimizing unit <ALU> ...

Mapping all equations...
Building and optimizing final netlist ...
Found area constraint ratio of 100 (+ 5) on block CPU, actual ratio is 0.

Final Macro Processing ...

=========================================================================
Final Register Report

Macro Statistics
# Registers                                            : 13
 Flip-Flops                                            : 13

=========================================================================

=========================================================================
*                           Partition Report                            *
=========================================================================

Partition Implementation Status
-------------------------------

  No Partitions were found in this design.

-------------------------------

=========================================================================
*                            Design Summary                             *
=========================================================================

Top Level Output File Name         : CPU.ngc

Primitive and Black Box Usage:
------------------------------
# BELS                             : 39
#      GND                         : 1
#      LUT2                        : 1
#      LUT3                        : 9
#      LUT5                        : 2
#      LUT6                        : 11
#      MUXCY                       : 7
#      XORCY                       : 8
# FlipFlops/Latches                : 13
#      FDE                         : 8
#      FDR                         : 5
# Clock Buffers                    : 1
#      BUFGP                       : 1
# IO Buffers                       : 56
#      IBUF                        : 17
#      OBUF                        : 39

Device utilization summary:
---------------------------

Selected Device : 7a100tcsg324-3 


Slice Logic Utilization: 
 Number of Slice Registers:              13  out of  126800     0%  
 Number of Slice LUTs:                   23  out of  63400     0%  
    Number used as Logic:                23  out of  63400     0%  

Slice Logic Distribution: 
 Number of LUT Flip Flop pairs used:     23
   Number with an unused Flip Flop:      10  out of     23    43%  
   Number with an unused LUT:             0  out of     23     0%  
   Number of fully used LUT-FF pairs:    13  out of     23    56%  
   Number of unique control sets:         2

IO Utilization: 
 Number of IOs:                          57
 Number of bonded IOBs:                  57  out of    210    27%  

Specific Feature Utilization:
 Number of BUFG/BUFGCTRLs:                1  out of     32     3%  

---------------------------
Partition Resource Summary:
---------------------------

  No Partitions were found in this design.

---------------------------


=========================================================================
Timing Report

NOTE: THESE TIMING NUMBERS ARE ONLY A SYNTHESIS ESTIMATE.
      FOR ACCURATE TIMING INFORMATION PLEASE REFER TO THE TRACE REPORT
      GENERATED AFTER PLACE-and-ROUTE.

Clock Information:
------------------
-----------------------------------+------------------------+-------+
Clock Signal                       | Clock buffer(FF name)  | Load  |
-----------------------------------+------------------------+-------+
clk                                | BUFGP                  | 13    |
-----------------------------------+------------------------+-------+

Asynchronous Control Signals Information:
----------------------------------------
No asynchronous control signals found in this design

Timing Summary:
---------------
Speed Grade: -3

   Minimum period: 2.029ns (Maximum Frequency: 492.951MHz)
   Minimum input arrival time before clock: 1.962ns
   Maximum output required time after clock: 2.304ns
   Maximum combinational path delay: 2.237ns

Timing Details:
---------------
All values displayed in nanoseconds (ns)

=========================================================================
Timing constraint: Default period analysis for Clock 'clk'
  Clock period: 2.029ns (frequency: 492.951MHz)
  Total number of paths / destination ports: 87 / 13
-------------------------------------------------------------------------
Delay:               2.029ns (Levels of Logic = 10)
  Source:            dpu/ac/d_out_0 (FF)
  Destination:       dpu/ac/d_out_7 (FF)
  Source Clock:      clk rising
  Destination Clock: clk rising

  Data Path: dpu/ac/d_out_0 to dpu/ac/d_out_7
                                Gate     Net
    Cell:in->out      fanout   Delay   Delay  Logical Name (Net Name)
    ----------------------------------------  ------------
     FDE:C->Q              4   0.361   0.309  dpu/ac/d_out_0 (dpu/ac/d_out_0)
     LUT3:I2->O            1   0.097   0.000  dpu/alu/Mmux_alu_out1_rs_lut<0> (dpu/alu/Mmux_alu_out1_rs_lut<0>)
     MUXCY:S->O            1   0.353   0.000  dpu/alu/Mmux_alu_out1_rs_cy<0> (dpu/alu/Mmux_alu_out1_rs_cy<0>)
     MUXCY:CI->O           1   0.023   0.000  dpu/alu/Mmux_alu_out1_rs_cy<1> (dpu/alu/Mmux_alu_out1_rs_cy<1>)
     MUXCY:CI->O           1   0.023   0.000  dpu/alu/Mmux_alu_out1_rs_cy<2> (dpu/alu/Mmux_alu_out1_rs_cy<2>)
     MUXCY:CI->O           1   0.023   0.000  dpu/alu/Mmux_alu_out1_rs_cy<3> (dpu/alu/Mmux_alu_out1_rs_cy<3>)
     MUXCY:CI->O           1   0.023   0.000  dpu/alu/Mmux_alu_out1_rs_cy<4> (dpu/alu/Mmux_alu_out1_rs_cy<4>)
     MUXCY:CI->O           1   0.023   0.000  dpu/alu/Mmux_alu_out1_rs_cy<5> (dpu/alu/Mmux_alu_out1_rs_cy<5>)
     MUXCY:CI->O           0   0.023   0.000  dpu/alu/Mmux_alu_out1_rs_cy<6> (dpu/alu/Mmux_alu_out1_rs_cy<6>)
     XORCY:CI->O           1   0.370   0.295  dpu/alu/Mmux_alu_out1_rs_xor<7> (dpu/alu/Mmux_alu_out1_split<7>)
     LUT6:I5->O            2   0.097   0.000  dpu/alu/Mmux_alu_out781 (alu_out_7_OBUF)
     FDE:D                     0.008          dpu/ac/d_out_7
    ----------------------------------------
    Total                      2.029ns (1.424ns logic, 0.605ns route)
                                       (70.2% logic, 29.8% route)

=========================================================================
Timing constraint: Default OFFSET IN BEFORE for Clock 'clk'
  Total number of paths / destination ports: 161 / 26
-------------------------------------------------------------------------
Offset:              1.962ns (Levels of Logic = 11)
  Source:            im_dbus<5> (PAD)
  Destination:       dpu/ac/d_out_7 (FF)
  Destination Clock: clk rising

  Data Path: im_dbus<5> to dpu/ac/d_out_7
                                Gate     Net
    Cell:in->out      fanout   Delay   Delay  Logical Name (Net Name)
    ----------------------------------------  ------------
     IBUF:I->O            21   0.001   0.602  im_dbus_5_IBUF (im_dbus_5_IBUF)
     LUT3:I0->O            1   0.097   0.000  dpu/alu/Mmux_alu_out1_rs_lut<0> (dpu/alu/Mmux_alu_out1_rs_lut<0>)
     MUXCY:S->O            1   0.353   0.000  dpu/alu/Mmux_alu_out1_rs_cy<0> (dpu/alu/Mmux_alu_out1_rs_cy<0>)
     MUXCY:CI->O           1   0.023   0.000  dpu/alu/Mmux_alu_out1_rs_cy<1> (dpu/alu/Mmux_alu_out1_rs_cy<1>)
     MUXCY:CI->O           1   0.023   0.000  dpu/alu/Mmux_alu_out1_rs_cy<2> (dpu/alu/Mmux_alu_out1_rs_cy<2>)
     MUXCY:CI->O           1   0.023   0.000  dpu/alu/Mmux_alu_out1_rs_cy<3> (dpu/alu/Mmux_alu_out1_rs_cy<3>)
     MUXCY:CI->O           1   0.023   0.000  dpu/alu/Mmux_alu_out1_rs_cy<4> (dpu/alu/Mmux_alu_out1_rs_cy<4>)
     MUXCY:CI->O           1   0.023   0.000  dpu/alu/Mmux_alu_out1_rs_cy<5> (dpu/alu/Mmux_alu_out1_rs_cy<5>)
     MUXCY:CI->O           0   0.023   0.000  dpu/alu/Mmux_alu_out1_rs_cy<6> (dpu/alu/Mmux_alu_out1_rs_cy<6>)
     XORCY:CI->O           1   0.370   0.295  dpu/alu/Mmux_alu_out1_rs_xor<7> (dpu/alu/Mmux_alu_out1_split<7>)
     LUT6:I5->O            2   0.097   0.000  dpu/alu/Mmux_alu_out781 (alu_out_7_OBUF)
     FDE:D                     0.008          dpu/ac/d_out_7
    ----------------------------------------
    Total                      1.962ns (1.064ns logic, 0.898ns route)
                                       (54.2% logic, 45.8% route)

=========================================================================
Timing constraint: Default OFFSET OUT AFTER for Clock 'clk'
  Total number of paths / destination ports: 93 / 29
-------------------------------------------------------------------------
Offset:              2.304ns (Levels of Logic = 11)
  Source:            dpu/ac/d_out_0 (FF)
  Destination:       alu_out<7> (PAD)
  Source Clock:      clk rising

  Data Path: dpu/ac/d_out_0 to alu_out<7>
                                Gate     Net
    Cell:in->out      fanout   Delay   Delay  Logical Name (Net Name)
    ----------------------------------------  ------------
     FDE:C->Q              4   0.361   0.309  dpu/ac/d_out_0 (dpu/ac/d_out_0)
     LUT3:I2->O            1   0.097   0.000  dpu/alu/Mmux_alu_out1_rs_lut<0> (dpu/alu/Mmux_alu_out1_rs_lut<0>)
     MUXCY:S->O            1   0.353   0.000  dpu/alu/Mmux_alu_out1_rs_cy<0> (dpu/alu/Mmux_alu_out1_rs_cy<0>)
     MUXCY:CI->O           1   0.023   0.000  dpu/alu/Mmux_alu_out1_rs_cy<1> (dpu/alu/Mmux_alu_out1_rs_cy<1>)
     MUXCY:CI->O           1   0.023   0.000  dpu/alu/Mmux_alu_out1_rs_cy<2> (dpu/alu/Mmux_alu_out1_rs_cy<2>)
     MUXCY:CI->O           1   0.023   0.000  dpu/alu/Mmux_alu_out1_rs_cy<3> (dpu/alu/Mmux_alu_out1_rs_cy<3>)
     MUXCY:CI->O           1   0.023   0.000  dpu/alu/Mmux_alu_out1_rs_cy<4> (dpu/alu/Mmux_alu_out1_rs_cy<4>)
     MUXCY:CI->O           1   0.023   0.000  dpu/alu/Mmux_alu_out1_rs_cy<5> (dpu/alu/Mmux_alu_out1_rs_cy<5>)
     MUXCY:CI->O           0   0.023   0.000  dpu/alu/Mmux_alu_out1_rs_cy<6> (dpu/alu/Mmux_alu_out1_rs_cy<6>)
     XORCY:CI->O           1   0.370   0.295  dpu/alu/Mmux_alu_out1_rs_xor<7> (dpu/alu/Mmux_alu_out1_split<7>)
     LUT6:I5->O            2   0.097   0.283  dpu/alu/Mmux_alu_out781 (alu_out_7_OBUF)
     OBUF:I->O                 0.000          alu_out_7_OBUF (alu_out<7>)
    ----------------------------------------
    Total                      2.304ns (1.416ns logic, 0.888ns route)
                                       (61.5% logic, 38.5% route)

=========================================================================
Timing constraint: Default path analysis
  Total number of paths / destination ports: 123 / 17
-------------------------------------------------------------------------
Delay:               2.237ns (Levels of Logic = 12)
  Source:            im_dbus<5> (PAD)
  Destination:       alu_out<7> (PAD)

  Data Path: im_dbus<5> to alu_out<7>
                                Gate     Net
    Cell:in->out      fanout   Delay   Delay  Logical Name (Net Name)
    ----------------------------------------  ------------
     IBUF:I->O            21   0.001   0.602  im_dbus_5_IBUF (im_dbus_5_IBUF)
     LUT3:I0->O            1   0.097   0.000  dpu/alu/Mmux_alu_out1_rs_lut<0> (dpu/alu/Mmux_alu_out1_rs_lut<0>)
     MUXCY:S->O            1   0.353   0.000  dpu/alu/Mmux_alu_out1_rs_cy<0> (dpu/alu/Mmux_alu_out1_rs_cy<0>)
     MUXCY:CI->O           1   0.023   0.000  dpu/alu/Mmux_alu_out1_rs_cy<1> (dpu/alu/Mmux_alu_out1_rs_cy<1>)
     MUXCY:CI->O           1   0.023   0.000  dpu/alu/Mmux_alu_out1_rs_cy<2> (dpu/alu/Mmux_alu_out1_rs_cy<2>)
     MUXCY:CI->O           1   0.023   0.000  dpu/alu/Mmux_alu_out1_rs_cy<3> (dpu/alu/Mmux_alu_out1_rs_cy<3>)
     MUXCY:CI->O           1   0.023   0.000  dpu/alu/Mmux_alu_out1_rs_cy<4> (dpu/alu/Mmux_alu_out1_rs_cy<4>)
     MUXCY:CI->O           1   0.023   0.000  dpu/alu/Mmux_alu_out1_rs_cy<5> (dpu/alu/Mmux_alu_out1_rs_cy<5>)
     MUXCY:CI->O           0   0.023   0.000  dpu/alu/Mmux_alu_out1_rs_cy<6> (dpu/alu/Mmux_alu_out1_rs_cy<6>)
     XORCY:CI->O           1   0.370   0.295  dpu/alu/Mmux_alu_out1_rs_xor<7> (dpu/alu/Mmux_alu_out1_split<7>)
     LUT6:I5->O            2   0.097   0.283  dpu/alu/Mmux_alu_out781 (alu_out_7_OBUF)
     OBUF:I->O                 0.000          alu_out_7_OBUF (alu_out<7>)
    ----------------------------------------
    Total                      2.237ns (1.056ns logic, 1.181ns route)
                                       (47.2% logic, 52.8% route)

=========================================================================

Cross Clock Domains Report:
--------------------------

Clock to Setup on destination clock clk
---------------+---------+---------+---------+---------+
               | Src:Rise| Src:Fall| Src:Rise| Src:Fall|
Source Clock   |Dest:Rise|Dest:Rise|Dest:Fall|Dest:Fall|
---------------+---------+---------+---------+---------+
clk            |    2.029|         |         |         |
---------------+---------+---------+---------+---------+

=========================================================================


Total REAL time to Xst completion: 12.00 secs
Total CPU time to Xst completion: 12.04 secs
 
--> 

Total memory usage is 4617692 kilobytes

Number of errors   :    0 (   0 filtered)
Number of warnings :    1 (   0 filtered)
Number of infos    :    4 (   0 filtered)

